# JRE version: Java(TM) SE Runtime Environment (17.0.4.1+1) (build 17.0.4.1+1-LTS-2)
# Java VM: Java HotSpot(TM) 64-Bit Server VM (17.0.4.1+1-LTS-2, mixed mode, sharing, tiered, compressed oops, compressed class ptrs, g1 gc, windows-amd64)
GC Precious Log:
 CPUs: 12 total, 12 available
 Memory: 32718M
 Large Page Support: Disabled
 NUMA Support: Disabled
 Compressed Oops: Enabled (32-bit)
 Heap Region Size: 1M
 Heap Min Capacity: 8M
 Heap Initial Capacity: 512M
 Heap Max Capacity: 1G
 Pre-touch: Disabled
 Parallel Workers: 10
 Concurrent Workers: 3
 Concurrent Refinement Workers: 10
 Periodic GC: Disabled
Heap:
 garbage-first heap   total 276480K, used 135321K [0x00000000c0000000, 0x0000000100000000)
  region size 1024K, 56 young (57344K), 0 survivors (0K)
 Metaspace       used 9844K, committed 10112K, reserved 1064960K
  class space    used 1476K, committed 1600K, reserved 1048576K
GC Heap History (20 events):
Event: 68.742 GC heap before
{Heap before GC invocations=25 (full 5):
 garbage-first heap   total 109568K, used 73067K [0x00000000c0000000, 0x0000000100000000)
  region size 1024K, 26 young (26624K), 4 survivors (4096K)
 Metaspace       used 9393K, committed 9600K, reserved 1064960K
  class space    used 1409K, committed 1536K, reserved 1048576K
}
Event: 68.749 GC heap after
{Heap after GC invocations=26 (full 5):
 garbage-first heap   total 109568K, used 53764K [0x00000000c0000000, 0x0000000100000000)
  region size 1024K, 3 young (3072K), 3 survivors (3072K)
 Metaspace       used 9393K, committed 9600K, reserved 1064960K
  class space    used 1409K, committed 1536K, reserved 1048576K
}
Event: 68.757 GC heap before
{Heap before GC invocations=26 (full 5):
 garbage-first heap   total 109568K, used 55812K [0x00000000c0000000, 0x0000000100000000)
  region size 1024K, 5 young (5120K), 3 survivors (3072K)
 Metaspace       used 9402K, committed 9600K, reserved 1064960K
  class space    used 1409K, committed 1536K, reserved 1048576K
}
Event: 68.766 GC heap after
{Heap after GC invocations=27 (full 5):
 garbage-first heap   total 109568K, used 53593K [0x00000000c0000000, 0x0000000100000000)
  region size 1024K, 1 young (1024K), 1 survivors (1024K)
 Metaspace       used 9402K, committed 9600K, reserved 1064960K
  class space    used 1409K, committed 1536K, reserved 1048576K
}
Event: 68.855 GC heap before
{Heap before GC invocations=27 (full 5):
 garbage-first heap   total 109568K, used 80217K [0x00000000c0000000, 0x0000000100000000)
  region size 1024K, 27 young (27648K), 1 survivors (1024K)
 Metaspace       used 9435K, committed 9664K, reserved 1064960K
  class space    used 1409K, committed 1536K, reserved 1048576K
}
Event: 68.856 GC heap after
{Heap after GC invocations=28 (full 5):
 garbage-first heap   total 317440K, used 53185K [0x00000000c0000000, 0x0000000100000000)
  region size 1024K, 1 young (1024K), 1 survivors (1024K)
 Metaspace       used 9435K, committed 9664K, reserved 1064960K
  class space    used 1409K, committed 1536K, reserved 1048576K
}
Event: 68.878 GC heap before
{Heap before GC invocations=28 (full 5):
 garbage-first heap   total 191488K, used 57281K [0x00000000c0000000, 0x0000000100000000)
  region size 1024K, 6 young (6144K), 1 survivors (1024K)
 Metaspace       used 9435K, committed 9664K, reserved 1064960K
  class space    used 1409K, committed 1536K, reserved 1048576K
}
Event: 68.896 GC heap after
{Heap after GC invocations=29 (full 6):
 garbage-first heap   total 160768K, used 45540K [0x00000000c0000000, 0x0000000100000000)
  region size 1024K, 0 young (0K), 0 survivors (0K)
 Metaspace       used 9435K, committed 9664K, reserved 1064960K
  class space    used 1409K, committed 1536K, reserved 1048576K
}
Event: 69.028 GC heap before
{Heap before GC invocations=29 (full 6):
 garbage-first heap   total 160768K, used 95716K [0x00000000c0000000, 0x0000000100000000)
  region size 1024K, 50 young (51200K), 0 survivors (0K)
 Metaspace       used 9509K, committed 9792K, reserved 1064960K
  class space    used 1417K, committed 1536K, reserved 1048576K
}
Event: 69.055 GC heap after
{Heap after GC invocations=30 (full 7):
 garbage-first heap   total 160768K, used 49532K [0x00000000c0000000, 0x0000000100000000)
  region size 1024K, 0 young (0K), 0 survivors (0K)
 Metaspace       used 9509K, committed 9792K, reserved 1064960K
  class space    used 1417K, committed 1536K, reserved 1048576K
}
Event: 69.143 GC heap before
{Heap before GC invocations=30 (full 7):
 garbage-first heap   total 160768K, used 117116K [0x00000000c0000000, 0x0000000100000000)
  region size 1024K, 66 young (67584K), 0 survivors (0K)
 Metaspace       used 9510K, committed 9792K, reserved 1064960K
  class space    used 1417K, committed 1536K, reserved 1048576K
}
Event: 69.151 GC heap after
{Heap after GC invocations=31 (full 7):
 garbage-first heap   total 160768K, used 57978K [0x00000000c0000000, 0x0000000100000000)
  region size 1024K, 9 young (9216K), 9 survivors (9216K)
 Metaspace       used 9510K, committed 9792K, reserved 1064960K
  class space    used 1417K, committed 1536K, reserved 1048576K
}
Event: 69.256 GC heap before
{Heap before GC invocations=31 (full 7):
 garbage-first heap   total 160768K, used 117370K [0x00000000c0000000, 0x0000000100000000)
  region size 1024K, 67 young (68608K), 9 survivors (9216K)
 Metaspace       used 9591K, committed 9792K, reserved 1064960K
  class space    used 1451K, committed 1536K, reserved 1048576K
}
Event: 69.270 GC heap after
{Heap after GC invocations=32 (full 7):
 garbage-first heap   total 160768K, used 65032K [0x00000000c0000000, 0x0000000100000000)
  region size 1024K, 8 young (8192K), 8 survivors (8192K)
 Metaspace       used 9591K, committed 9792K, reserved 1064960K
  class space    used 1451K, committed 1536K, reserved 1048576K
}
Event: 69.336 GC heap before
{Heap before GC invocations=32 (full 7):
 garbage-first heap   total 160768K, used 120328K [0x00000000c0000000, 0x0000000100000000)
  region size 1024K, 62 young (63488K), 8 survivors (8192K)
 Metaspace       used 9594K, committed 9792K, reserved 1064960K
  class space    used 1451K, committed 1536K, reserved 1048576K
}
Event: 69.346 GC heap after
{Heap after GC invocations=33 (full 7):
 garbage-first heap   total 160768K, used 71036K [0x00000000c0000000, 0x0000000100000000)
  region size 1024K, 7 young (7168K), 7 survivors (7168K)
 Metaspace       used 9594K, committed 9792K, reserved 1064960K
  class space    used 1451K, committed 1536K, reserved 1048576K
}
Event: 69.407 GC heap before
{Heap before GC invocations=33 (full 7):
 garbage-first heap   total 160768K, used 123260K [0x00000000c0000000, 0x0000000100000000)
  region size 1024K, 58 young (59392K), 7 survivors (7168K)
 Metaspace       used 9595K, committed 9792K, reserved 1064960K
  class space    used 1451K, committed 1536K, reserved 1048576K
}
Event: 69.417 GC heap after
{Heap after GC invocations=34 (full 7):
 garbage-first heap   total 321536K, used 77874K [0x00000000c0000000, 0x0000000100000000)
  region size 1024K, 7 young (7168K), 7 survivors (7168K)
 Metaspace       used 9595K, committed 9792K, reserved 1064960K
  class space    used 1451K, committed 1536K, reserved 1048576K
}
Event: 69.518 GC heap before
{Heap before GC invocations=34 (full 7):
 garbage-first heap   total 321536K, used 145458K [0x00000000c0000000, 0x0000000100000000)
  region size 1024K, 74 young (75776K), 7 survivors (7168K)
 Metaspace       used 9595K, committed 9792K, reserved 1064960K
  class space    used 1451K, committed 1536K, reserved 1048576K
}
Event: 69.551 GC heap after
{Heap after GC invocations=35 (full 8):
 garbage-first heap   total 276480K, used 79001K [0x00000000c0000000, 0x0000000100000000)
  region size 1024K, 0 young (0K), 0 survivors (0K)
 Metaspace       used 9595K, committed 9792K, reserved 1064960K
  class space    used 1451K, committed 1536K, reserved 1048576K
}

